main/manifest-merger-release-report.txt
-- Merging decision tree log ---
manifest
ADDED from AndroidManifest.xml:2:1
	xmlns:android
		ADDED from AndroidManifest.xml:2:11
	package
		ADDED from AndroidManifest.xml:3:11
		INJECTED from AndroidManifest.xml:0:0
		INJECTED from AndroidManifest.xml:0:0
	android:versionName
		INJECTED from AndroidManifest.xml:0:0
		INJECTED from AndroidManifest.xml:0:0
	android:versionCode
		INJECTED from AndroidManifest.xml:0:0
		INJECTED from AndroidManifest.xml:0:0
uses-permission#android.permission.ACCESS_NETWORK_STATE
ADDED from AndroidManifest.xml:7:5
MERGED from com.google.android.gms:play-services-ads:8.1.0:21:5
MERGED from com.google.android.gms:play-services-maps:8.1.0:20:5
	android:name
		ADDED from AndroidManifest.xml:7:22
uses-permission#android.permission.INTERNET
ADDED from AndroidManifest.xml:8:5
MERGED from com.google.android.gms:play-services-ads:8.1.0:20:5
MERGED from com.google.android.gms:play-services-maps:8.1.0:21:5
	android:name
		ADDED from AndroidManifest.xml:8:22
uses-permission#android.permission.ACCESS_COARSE_LOCATION
ADDED from AndroidManifest.xml:9:5
	android:name
		ADDED from AndroidManifest.xml:9:22
uses-permission#android.permission.WRITE_EXTERNAL_STORAGE
ADDED from AndroidManifest.xml:10:5
MERGED from com.google.android.gms:play-services-maps:8.1.0:22:5
	android:name
		ADDED from AndroidManifest.xml:10:22
uses-feature#android.hardware.location
ADDED from AndroidManifest.xml:12:5
	android:required
		ADDED from AndroidManifest.xml:12:60
	android:name
		ADDED from AndroidManifest.xml:12:19
uses-feature#android.hardware.location.network
ADDED from AndroidManifest.xml:13:5
	android:required
		ADDED from AndroidManifest.xml:13:68
	android:name
		ADDED from AndroidManifest.xml:13:19
application
ADDED from AndroidManifest.xml:15:5
MERGED from com.google.android.gms:play-services-ads:8.1.0:24:5
MERGED from com.google.android.gms:play-services-basement:8.1.0:20:5
MERGED from com.android.support:support-v4:22.2.0:22:5
MERGED from com.google.android.gms:play-services-appindexing:8.1.0:19:5
MERGED from com.google.android.gms:play-services-basement:8.1.0:20:5
MERGED from com.android.support:support-v4:22.2.0:22:5
MERGED from com.google.android.gms:play-services-location:8.1.0:19:5
MERGED from com.google.android.gms:play-services-basement:8.1.0:20:5
MERGED from com.android.support:support-v4:22.2.0:22:5
MERGED from com.google.android.gms:play-services-maps:8.1.0:28:5
MERGED from com.google.android.gms:play-services-basement:8.1.0:20:5
MERGED from com.android.support:support-v4:22.2.0:22:5
	android:screenOrientation
		ADDED from AndroidManifest.xml:17:18
	android:label
		ADDED from AndroidManifest.xml:15:18
	android:icon
		ADDED from AndroidManifest.xml:15:51
	android:configChanges
		ADDED from AndroidManifest.xml:18:18
	android:largeHeap
		ADDED from AndroidManifest.xml:16:18
activity#com.bmorge.Intuitor.MenuActivity
ADDED from AndroidManifest.xml:22:9
	android:screenOrientation
		ADDED from AndroidManifest.xml:27:19
	android:label
		ADDED from AndroidManifest.xml:25:19
	android:configChanges
		ADDED from AndroidManifest.xml:24:19
	android:theme
		ADDED from AndroidManifest.xml:26:19
	android:hardwareAccelerated
		ADDED from AndroidManifest.xml:23:19
	android:name
		ADDED from AndroidManifest.xml:22:19
intent-filter#android.intent.action.MAIN+android.intent.category.LAUNCHER
ADDED from AndroidManifest.xml:28:13
action#android.intent.action.MAIN
ADDED from AndroidManifest.xml:29:17
	android:name
		ADDED from AndroidManifest.xml:29:25
category#android.intent.category.LAUNCHER
ADDED from AndroidManifest.xml:30:17
	android:name
		ADDED from AndroidManifest.xml:30:27
activity#com.bmorge.Intuitor.PlayActivity
ADDED from AndroidManifest.xml:33:9
	android:screenOrientation
		ADDED from AndroidManifest.xml:37:19
	android:label
		ADDED from AndroidManifest.xml:35:19
	android:configChanges
		ADDED from AndroidManifest.xml:34:19
	android:theme
		ADDED from AndroidManifest.xml:36:19
	android:name
		ADDED from AndroidManifest.xml:33:19
activity#com.bmorge.Intuitor.AboutGameActivity
ADDED from AndroidManifest.xml:38:9
	android:screenOrientation
		ADDED from AndroidManifest.xml:42:19
	android:label
		ADDED from AndroidManifest.xml:40:19
	android:configChanges
		ADDED from AndroidManifest.xml:39:19
	android:theme
		ADDED from AndroidManifest.xml:41:19
	android:name
		ADDED from AndroidManifest.xml:38:19
service#com.bmorge.Intuitor.MusicService
ADDED from AndroidManifest.xml:43:9
	android:name
		ADDED from AndroidManifest.xml:43:18
meta-data#com.appodeal.framework
ADDED from AndroidManifest.xml:47:9
	android:name
		ADDED from AndroidManifest.xml:47:20
	android:value
		ADDED from AndroidManifest.xml:47:58
receiver#com.appodeal.ads.AppodealPackageAddedReceiver
ADDED from AndroidManifest.xml:48:9
	android:exported
		ADDED from AndroidManifest.xml:48:80
	android:enabled
		ADDED from AndroidManifest.xml:48:104
	android:name
		ADDED from AndroidManifest.xml:48:19
intent-filter#android.intent.action.PACKAGE_ADDED
ADDED from AndroidManifest.xml:49:13
action#android.intent.action.PACKAGE_ADDED
ADDED from AndroidManifest.xml:50:17
	android:name
		ADDED from AndroidManifest.xml:50:25
data
ADDED from AndroidManifest.xml:51:17
	android:scheme
		ADDED from AndroidManifest.xml:51:23
activity#com.appodeal.ads.InterstitialActivity
ADDED from AndroidManifest.xml:55:9
	android:configChanges
		ADDED from AndroidManifest.xml:56:19
	android:theme
		ADDED from AndroidManifest.xml:57:19
	android:name
		ADDED from AndroidManifest.xml:55:19
activity#com.appodeal.ads.VideoActivity
ADDED from AndroidManifest.xml:58:9
	android:configChanges
		ADDED from AndroidManifest.xml:59:19
	android:theme
		ADDED from AndroidManifest.xml:60:19
	android:name
		ADDED from AndroidManifest.xml:58:19
activity#com.appodeal.ads.LoaderActivity
ADDED from AndroidManifest.xml:62:9
	android:configChanges
		ADDED from AndroidManifest.xml:63:19
	android:theme
		ADDED from AndroidManifest.xml:64:19
	android:name
		ADDED from AndroidManifest.xml:62:19
meta-data#com.google.android.gms.version
ADDED from AndroidManifest.xml:66:9
MERGED from com.google.android.gms:play-services-basement:8.1.0:21:9
MERGED from com.google.android.gms:play-services-basement:8.1.0:21:9
MERGED from com.google.android.gms:play-services-basement:8.1.0:21:9
MERGED from com.google.android.gms:play-services-basement:8.1.0:21:9
	android:name
		ADDED from AndroidManifest.xml:66:20
	android:value
		ADDED from AndroidManifest.xml:66:66
activity#com.google.android.gms.ads.AdActivity
ADDED from AndroidManifest.xml:68:9
MERGED from com.google.android.gms:play-services-ads:8.1.0:26:9
	android:configChanges
		ADDED from AndroidManifest.xml:69:19
	android:theme
		ADDED from AndroidManifest.xml:70:19
	android:name
		ADDED from AndroidManifest.xml:68:19
activity#com.chartboost.sdk.CBImpressionActivity
ADDED from AndroidManifest.xml:72:9
	android:configChanges
		ADDED from AndroidManifest.xml:74:19
	android:theme
		ADDED from AndroidManifest.xml:73:54
	android:hardwareAccelerated
		ADDED from AndroidManifest.xml:73:19
	android:excludeFromRecents
		ADDED from AndroidManifest.xml:72:74
	android:name
		ADDED from AndroidManifest.xml:72:19
activity#com.applovin.adview.AppLovinInterstitialActivity
ADDED from AndroidManifest.xml:76:9
	android:theme
		ADDED from AndroidManifest.xml:77:19
	android:name
		ADDED from AndroidManifest.xml:76:19
activity#com.mopub.mobileads.MoPubActivity
ADDED from AndroidManifest.xml:79:9
	android:configChanges
		ADDED from AndroidManifest.xml:80:19
	android:theme
		ADDED from AndroidManifest.xml:81:19
	android:name
		ADDED from AndroidManifest.xml:79:19
activity#com.mopub.common.MoPubBrowser
ADDED from AndroidManifest.xml:82:9
	android:configChanges
		ADDED from AndroidManifest.xml:83:19
	android:name
		ADDED from AndroidManifest.xml:82:19
activity#com.mopub.mobileads.MraidActivity
ADDED from AndroidManifest.xml:84:9
	android:configChanges
		ADDED from AndroidManifest.xml:85:19
	android:name
		ADDED from AndroidManifest.xml:84:19
activity#com.mopub.mobileads.MraidVideoPlayerActivity
ADDED from AndroidManifest.xml:86:9
	android:configChanges
		ADDED from AndroidManifest.xml:87:19
	android:name
		ADDED from AndroidManifest.xml:86:19
activity#org.nexage.sourcekit.mraid.MRAIDBrowser
ADDED from AndroidManifest.xml:89:9
	android:configChanges
		ADDED from AndroidManifest.xml:90:19
	android:theme
		ADDED from AndroidManifest.xml:91:19
	android:name
		ADDED from AndroidManifest.xml:89:19
activity#com.amazon.device.ads.AdActivity
ADDED from AndroidManifest.xml:94:9
	android:configChanges
		ADDED from AndroidManifest.xml:94:67
	android:name
		ADDED from AndroidManifest.xml:94:19
activity#com.my.target.ads.MyTargetActivity
ADDED from AndroidManifest.xml:96:9
	android:configChanges
		ADDED from AndroidManifest.xml:96:69
	android:name
		ADDED from AndroidManifest.xml:96:19
activity#org.nexage.sourcekit.vast.activity.VASTActivity
ADDED from AndroidManifest.xml:98:9
	android:theme
		ADDED from AndroidManifest.xml:99:19
	android:name
		ADDED from AndroidManifest.xml:98:19
activity#org.nexage.sourcekit.vast.activity.VPAIDActivity
ADDED from AndroidManifest.xml:101:9
	android:theme
		ADDED from AndroidManifest.xml:102:19
	android:name
		ADDED from AndroidManifest.xml:101:19
activity#com.appodeal.ads.networks.vpaid.VPAIDActivity
ADDED from AndroidManifest.xml:105:9
	android:theme
		ADDED from AndroidManifest.xml:106:19
	android:name
		ADDED from AndroidManifest.xml:105:19
activity#com.appodeal.ads.networks.SpotXActivity
ADDED from AndroidManifest.xml:108:9
	android:theme
		ADDED from AndroidManifest.xml:109:19
	android:name
		ADDED from AndroidManifest.xml:108:19
activity#com.facebook.ads.InterstitialAdActivity
ADDED from AndroidManifest.xml:111:9
	android:configChanges
		ADDED from AndroidManifest.xml:111:74
	android:name
		ADDED from AndroidManifest.xml:111:19
activity#com.unity3d.ads.adunit.AdUnitActivity
ADDED from AndroidManifest.xml:113:9
	android:configChanges
		ADDED from AndroidManifest.xml:114:19
	android:theme
		ADDED from AndroidManifest.xml:115:19
	android:hardwareAccelerated
		ADDED from AndroidManifest.xml:115:78
	android:name
		ADDED from AndroidManifest.xml:113:19
activity#com.unity3d.ads.adunit.AdUnitSoftwareActivity
ADDED from AndroidManifest.xml:116:9
	android:configChanges
		ADDED from AndroidManifest.xml:117:19
	android:theme
		ADDED from AndroidManifest.xml:118:19
	android:hardwareAccelerated
		ADDED from AndroidManifest.xml:118:78
	android:name
		ADDED from AndroidManifest.xml:116:19
activity#com.unity3d.ads2.adunit.AdUnitActivity
ADDED from AndroidManifest.xml:119:9
	android:configChanges
		ADDED from AndroidManifest.xml:120:19
	android:theme
		ADDED from AndroidManifest.xml:121:19
	android:hardwareAccelerated
		ADDED from AndroidManifest.xml:121:78
	android:name
		ADDED from AndroidManifest.xml:119:19
activity#com.unity3d.ads2.adunit.AdUnitSoftwareActivity
ADDED from AndroidManifest.xml:122:9
	android:configChanges
		ADDED from AndroidManifest.xml:123:19
	android:theme
		ADDED from AndroidManifest.xml:124:19
	android:hardwareAccelerated
		ADDED from AndroidManifest.xml:124:78
	android:name
		ADDED from AndroidManifest.xml:122:19
activity#com.jirbo.adcolony.AdColonyOverlay
ADDED from AndroidManifest.xml:128:9
	android:configChanges
		ADDED from AndroidManifest.xml:129:19
	android:theme
		ADDED from AndroidManifest.xml:130:19
	android:name
		ADDED from AndroidManifest.xml:128:19
activity#com.jirbo.adcolony.AdColonyFullscreen
ADDED from AndroidManifest.xml:132:9
	android:configChanges
		ADDED from AndroidManifest.xml:133:19
	android:theme
		ADDED from AndroidManifest.xml:134:19
	android:name
		ADDED from AndroidManifest.xml:132:19
activity#com.jirbo.adcolony.AdColonyBrowser
ADDED from AndroidManifest.xml:136:9
	android:configChanges
		ADDED from AndroidManifest.xml:137:19
	android:theme
		ADDED from AndroidManifest.xml:138:19
	android:name
		ADDED from AndroidManifest.xml:136:19
activity#com.vungle.publisher.FullScreenAdActivity
ADDED from AndroidManifest.xml:140:9
	android:configChanges
		ADDED from AndroidManifest.xml:141:19
	android:theme
		ADDED from AndroidManifest.xml:142:19
	android:name
		ADDED from AndroidManifest.xml:140:19
activity#com.startapp.android.publish.list3d.List3DActivity
ADDED from AndroidManifest.xml:144:9
	android:theme
		ADDED from AndroidManifest.xml:145:19
	android:name
		ADDED from AndroidManifest.xml:144:19
activity#com.startapp.android.publish.OverlayActivity
ADDED from AndroidManifest.xml:147:9
	android:configChanges
		ADDED from AndroidManifest.xml:149:19
	android:theme
		ADDED from AndroidManifest.xml:148:19
	android:name
		ADDED from AndroidManifest.xml:147:19
activity#com.startapp.android.publish.FullScreenActivity
ADDED from AndroidManifest.xml:151:9
	android:configChanges
		ADDED from AndroidManifest.xml:153:19
	android:theme
		ADDED from AndroidManifest.xml:152:19
	android:name
		ADDED from AndroidManifest.xml:151:19
service#com.yandex.metrica.MetricaService
ADDED from AndroidManifest.xml:154:9
	android:process
		ADDED from AndroidManifest.xml:155:42
	android:exported
		ADDED from AndroidManifest.xml:155:18
	android:enabled
		ADDED from AndroidManifest.xml:154:67
	android:name
		ADDED from AndroidManifest.xml:154:18
intent-filter#android.intent.category.DEFAULT+com.yandex.metrica.IMetricaService
ADDED from AndroidManifest.xml:156:13
category#android.intent.category.DEFAULT
ADDED from AndroidManifest.xml:157:17
	android:name
		ADDED from AndroidManifest.xml:157:27
action#com.yandex.metrica.IMetricaService
ADDED from AndroidManifest.xml:158:17
	android:name
		ADDED from AndroidManifest.xml:158:25
meta-data#metrica:api:level
ADDED from AndroidManifest.xml:161:13
	android:name
		ADDED from AndroidManifest.xml:161:24
	android:value
		ADDED from AndroidManifest.xml:161:57
receiver#com.yandex.metrica.MetricaEventHandler
ADDED from AndroidManifest.xml:163:9
	android:exported
		ADDED from AndroidManifest.xml:164:42
	android:enabled
		ADDED from AndroidManifest.xml:164:19
	android:name
		ADDED from AndroidManifest.xml:163:19
intent-filter#com.android.vending.INSTALL_REFERRER
ADDED from AndroidManifest.xml:165:13
action#com.android.vending.INSTALL_REFERRER
ADDED from AndroidManifest.xml:166:17
	android:name
		ADDED from AndroidManifest.xml:166:25
activity#com.yandex.mobile.ads.AdActivity
ADDED from AndroidManifest.xml:170:9
	android:configChanges
		ADDED from AndroidManifest.xml:171:19
	android:name
		ADDED from AndroidManifest.xml:170:19
activity#com.flurry.android.FlurryFullscreenTakeoverActivity
ADDED from AndroidManifest.xml:174:9
	android:configChanges
		ADDED from AndroidManifest.xml:175:19
	android:name
		ADDED from AndroidManifest.xml:174:19
activity#com.appodeal.ads.VideoPlayerActivity
ADDED from AndroidManifest.xml:177:9
	android:theme
		ADDED from AndroidManifest.xml:177:71
	android:name
		ADDED from AndroidManifest.xml:177:19
activity#com.revmob.FullscreenActivity
ADDED from AndroidManifest.xml:180:9
	android:configChanges
		ADDED from AndroidManifest.xml:181:19
	android:theme
		ADDED from AndroidManifest.xml:180:64
	android:name
		ADDED from AndroidManifest.xml:180:19
activity#com.tapjoy.TJAdUnitActivity
ADDED from AndroidManifest.xml:184:9
	android:configChanges
		ADDED from AndroidManifest.xml:184:62
	android:theme
		ADDED from AndroidManifest.xml:185:54
	android:hardwareAccelerated
		ADDED from AndroidManifest.xml:185:19
	android:name
		ADDED from AndroidManifest.xml:184:19
activity#com.tapjoy.mraid.view.ActionHandler
ADDED from AndroidManifest.xml:187:9
	android:configChanges
		ADDED from AndroidManifest.xml:187:70
	android:name
		ADDED from AndroidManifest.xml:187:19
activity#com.tapjoy.mraid.view.Browser
ADDED from AndroidManifest.xml:189:9
	android:configChanges
		ADDED from AndroidManifest.xml:189:64
	android:name
		ADDED from AndroidManifest.xml:189:19
activity#com.tapjoy.TJContentActivity
ADDED from AndroidManifest.xml:191:9
	android:configChanges
		ADDED from AndroidManifest.xml:191:63
	android:theme
		ADDED from AndroidManifest.xml:192:19
	android:hardwareAccelerated
		ADDED from AndroidManifest.xml:192:79
	android:name
		ADDED from AndroidManifest.xml:191:19
uses-sdk
INJECTED from AndroidManifest.xml:0:0 reason: use-sdk injection requested
MERGED from com.google.android.gms:play-services-ads:8.1.0:23:5
MERGED from com.google.android.gms:play-services-basement:8.1.0:18:5
MERGED from com.android.support:support-v4:22.2.0:20:5
MERGED from com.google.android.gms:play-services-appindexing:8.1.0:18:5
MERGED from com.google.android.gms:play-services-basement:8.1.0:18:5
MERGED from com.android.support:support-v4:22.2.0:20:5
MERGED from com.google.android.gms:play-services-location:8.1.0:18:5
MERGED from com.google.android.gms:play-services-base:8.1.0:18:5
MERGED from com.google.android.gms:play-services-basement:8.1.0:18:5
MERGED from com.android.support:support-v4:22.2.0:20:5
MERGED from com.google.android.gms:play-services-maps:8.1.0:27:5
MERGED from com.google.android.gms:play-services-base:8.1.0:18:5
MERGED from com.google.android.gms:play-services-basement:8.1.0:18:5
MERGED from com.android.support:support-v4:22.2.0:20:5
	android:targetSdkVersion
		INJECTED from AndroidManifest.xml:0:0
		INJECTED from AndroidManifest.xml:0:0
	android:minSdkVersion
		INJECTED from AndroidManifest.xml:0:0
		INJECTED from AndroidManifest.xml:0:0
activity#com.google.android.gms.ads.purchase.InAppPurchaseActivity
ADDED from com.google.android.gms:play-services-ads:8.1.0:30:9
	android:theme
		ADDED from com.google.android.gms:play-services-ads:8.1.0:31:13
	android:name
		ADDED from com.google.android.gms:play-services-ads:8.1.0:30:19
uses-feature#0x00020000
ADDED from com.google.android.gms:play-services-maps:8.1.0:23:5
	android:required
		ADDED from com.google.android.gms:play-services-maps:8.1.0:25:8
	android:glEsVersion
		ADDED from com.google.android.gms:play-services-maps:8.1.0:24:8
android:uses-permission#android.permission.READ_EXTERNAL_STORAGE
IMPLIED from AndroidManifest.xml:2:1 reason: com.google.android.gms.maps requested WRITE_EXTERNAL_STORAGE